# JRE version: OpenJDK Runtime Environment (8.0_202-b03) (build 1.8.0_202-release-1483-b03)
# Java VM: OpenJDK 64-Bit Server VM (25.202-b03 mixed mode windows-amd64 compressed oops)
Heap:
 PSYoungGen      total 256000K, used 198431K [0x00000000e0000000, 0x00000000f4300000, 0x0000000100000000)
  eden space 224256K, 74% used [0x00000000e0000000,0x00000000ea2cd3f0,0x00000000edb00000)
  from space 31744K, 99% used [0x00000000f2400000,0x00000000f42fa828,0x00000000f4300000)
  to   space 29696K, 0% used [0x00000000edb00000,0x00000000edb00000,0x00000000ef800000)
 ParOldGen       total 181248K, used 92762K [0x00000000a0000000, 0x00000000ab100000, 0x00000000e0000000)
  object space 181248K, 51% used [0x00000000a0000000,0x00000000a5a968e8,0x00000000ab100000)
 Metaspace       used 76909K, capacity 79290K, committed 79448K, reserved 1118208K
  class space    used 9999K, capacity 10511K, committed 10624K, reserved 1048576K
GC Heap History (10 events):
Event: 11.283 GC heap before
{Heap before GC invocations=15 (full 3):
 PSYoungGen      total 164352K, used 145920K [0x00000000e0000000, 0x00000000ee680000, 0x0000000100000000)
  eden space 145920K, 100% used [0x00000000e0000000,0x00000000e8e80000,0x00000000e8e80000)
  from space 18432K, 0% used [0x00000000e8e80000,0x00000000e8e80000,0x00000000ea080000)
  to   space 19456K, 0% used [0x00000000ed380000,0x00000000ed380000,0x00000000ee680000)
 ParOldGen       total 181248K, used 29557K [0x00000000a0000000, 0x00000000ab100000, 0x00000000e0000000)
  object space 181248K, 16% used [0x00000000a0000000,0x00000000a1cdd4f8,0x00000000ab100000)
 Metaspace       used 61212K, capacity 63110K, committed 63320K, reserved 1103872K
  class space    used 8250K, capacity 8739K, committed 8832K, reserved 1048576K
Event: 11.310 GC heap after
Heap after GC invocations=15 (full 3):
 PSYoungGen      total 196096K, used 13169K [0x00000000e0000000, 0x00000000ee080000, 0x0000000100000000)
  eden space 182784K, 0% used [0x00000000e0000000,0x00000000e0000000,0x00000000eb280000)
  from space 13312K, 98% used [0x00000000ed380000,0x00000000ee05c790,0x00000000ee080000)
  to   space 19456K, 0% used [0x00000000eba80000,0x00000000eba80000,0x00000000ecd80000)
 ParOldGen       total 181248K, used 29557K [0x00000000a0000000, 0x00000000ab100000, 0x00000000e0000000)
  object space 181248K, 16% used [0x00000000a0000000,0x00000000a1cdd4f8,0x00000000ab100000)
 Metaspace       used 61212K, capacity 63110K, committed 63320K, reserved 1103872K
  class space    used 8250K, capacity 8739K, committed 8832K, reserved 1048576K
}
Event: 14.698 GC heap before
{Heap before GC invocations=16 (full 3):
 PSYoungGen      total 196096K, used 195953K [0x00000000e0000000, 0x00000000ee080000, 0x0000000100000000)
  eden space 182784K, 100% used [0x00000000e0000000,0x00000000eb280000,0x00000000eb280000)
  from space 13312K, 98% used [0x00000000ed380000,0x00000000ee05c790,0x00000000ee080000)
  to   space 19456K, 0% used [0x00000000eba80000,0x00000000eba80000,0x00000000ecd80000)
 ParOldGen       total 181248K, used 29557K [0x00000000a0000000, 0x00000000ab100000, 0x00000000e0000000)
  object space 181248K, 16% used [0x00000000a0000000,0x00000000a1cdd4f8,0x00000000ab100000)
 Metaspace       used 67413K, capacity 69346K, committed 69592K, reserved 1110016K
  class space    used 8914K, capacity 9399K, committed 9472K, reserved 1048576K
Event: 14.731 GC heap after
Heap after GC invocations=16 (full 3):
 PSYoungGen      total 210432K, used 19437K [0x00000000e0000000, 0x00000000f1500000, 0x0000000100000000)
  eden space 190976K, 0% used [0x00000000e0000000,0x00000000e0000000,0x00000000eba80000)
  from space 19456K, 99% used [0x00000000eba80000,0x00000000ecd7b5c0,0x00000000ecd80000)
  to   space 29696K, 0% used [0x00000000ef800000,0x00000000ef800000,0x00000000f1500000)
 ParOldGen       total 181248K, used 50195K [0x00000000a0000000, 0x00000000ab100000, 0x00000000e0000000)
  object space 181248K, 27% used [0x00000000a0000000,0x00000000a3104f10,0x00000000ab100000)
 Metaspace       used 67413K, capacity 69346K, committed 69592K, reserved 1110016K
  class space    used 8914K, capacity 9399K, committed 9472K, reserved 1048576K
}
Event: 18.013 GC heap before
{Heap before GC invocations=17 (full 3):
 PSYoungGen      total 210432K, used 210413K [0x00000000e0000000, 0x00000000f1500000, 0x0000000100000000)
  eden space 190976K, 100% used [0x00000000e0000000,0x00000000eba80000,0x00000000eba80000)
  from space 19456K, 99% used [0x00000000eba80000,0x00000000ecd7b5c0,0x00000000ecd80000)
  to   space 29696K, 0% used [0x00000000ef800000,0x00000000ef800000,0x00000000f1500000)
 ParOldGen       total 181248K, used 50195K [0x00000000a0000000, 0x00000000ab100000, 0x00000000e0000000)
  object space 181248K, 27% used [0x00000000a0000000,0x00000000a3104f10,0x00000000ab100000)
 Metaspace       used 68234K, capacity 70184K, committed 70360K, reserved 1110016K
  class space    used 8971K, capacity 9400K, committed 9472K, reserved 1048576K
Event: 18.069 GC heap after
Heap after GC invocations=17 (full 3):
 PSYoungGen      total 253952K, used 18781K [0x00000000e0000000, 0x00000000f1c80000, 0x0000000100000000)
  eden space 224256K, 0% used [0x00000000e0000000,0x00000000e0000000,0x00000000edb00000)
  from space 29696K, 63% used [0x00000000ef800000,0x00000000f0a574a8,0x00000000f1500000)
  to   space 29696K, 0% used [0x00000000edb00000,0x00000000edb00000,0x00000000ef800000)
 ParOldGen       total 181248K, used 59771K [0x00000000a0000000, 0x00000000ab100000, 0x00000000e0000000)
  object space 181248K, 32% used [0x00000000a0000000,0x00000000a3a5ec10,0x00000000ab100000)
 Metaspace       used 68234K, capacity 70184K, committed 70360K, reserved 1110016K
  class space    used 8971K, capacity 9400K, committed 9472K, reserved 1048576K
}
Event: 21.382 GC heap before
{Heap before GC invocations=18 (full 3):
 PSYoungGen      total 253952K, used 243037K [0x00000000e0000000, 0x00000000f1c80000, 0x0000000100000000)
  eden space 224256K, 100% used [0x00000000e0000000,0x00000000edb00000,0x00000000edb00000)
  from space 29696K, 63% used [0x00000000ef800000,0x00000000f0a574a8,0x00000000f1500000)
  to   space 29696K, 0% used [0x00000000edb00000,0x00000000edb00000,0x00000000ef800000)
 ParOldGen       total 181248K, used 59771K [0x00000000a0000000, 0x00000000ab100000, 0x00000000e0000000)
  object space 181248K, 32% used [0x00000000a0000000,0x00000000a3a5ec10,0x00000000ab100000)
 Metaspace       used 68250K, capacity 70184K, committed 70360K, reserved 1110016K
  class space    used 8972K, capacity 9400K, committed 9472K, reserved 1048576K
Event: 21.415 GC heap after
Heap after GC invocations=18 (full 3):
 PSYoungGen      total 253952K, used 24005K [0x00000000e0000000, 0x00000000f4300000, 0x0000000100000000)
  eden space 224256K, 0% used [0x00000000e0000000,0x00000000e0000000,0x00000000edb00000)
  from space 29696K, 80% used [0x00000000edb00000,0x00000000ef2715e0,0x00000000ef800000)
  to   space 31744K, 0% used [0x00000000f2400000,0x00000000f2400000,0x00000000f4300000)
 ParOldGen       total 181248K, used 59779K [0x00000000a0000000, 0x00000000ab100000, 0x00000000e0000000)
  object space 181248K, 32% used [0x00000000a0000000,0x00000000a3a60c10,0x00000000ab100000)
 Metaspace       used 68250K, capacity 70184K, committed 70360K, reserved 1110016K
  class space    used 8972K, capacity 9400K, committed 9472K, reserved 1048576K
}
Event: 22.900 GC heap before
{Heap before GC invocations=19 (full 3):
 PSYoungGen      total 253952K, used 248261K [0x00000000e0000000, 0x00000000f4300000, 0x0000000100000000)
  eden space 224256K, 100% used [0x00000000e0000000,0x00000000edb00000,0x00000000edb00000)
  from space 29696K, 80% used [0x00000000edb00000,0x00000000ef2715e0,0x00000000ef800000)
  to   space 31744K, 0% used [0x00000000f2400000,0x00000000f2400000,0x00000000f4300000)
 ParOldGen       total 181248K, used 59779K [0x00000000a0000000, 0x00000000ab100000, 0x00000000e0000000)
  object space 181248K, 32% used [0x00000000a0000000,0x00000000a3a60c10,0x00000000ab100000)
 Metaspace       used 74694K, capacity 76892K, committed 77144K, reserved 1116160K
  class space    used 9839K, capacity 10326K, committed 10368K, reserved 1048576K
Event: 23.016 GC heap after
Heap after GC invocations=19 (full 3):
 PSYoungGen      total 256000K, used 31722K [0x00000000e0000000, 0x00000000f4300000, 0x0000000100000000)
  eden space 224256K, 0% used [0x00000000e0000000,0x00000000e0000000,0x00000000edb00000)
  from space 31744K, 99% used [0x00000000f2400000,0x00000000f42fa828,0x00000000f4300000)
  to   space 29696K, 0% used [0x00000000edb00000,0x00000000edb00000,0x00000000ef800000)
 ParOldGen       total 181248K, used 92762K [0x00000000a0000000, 0x00000000ab100000, 0x00000000e0000000)
  object space 181248K, 51% used [0x00000000a0000000,0x00000000a5a968e8,0x00000000ab100000)
 Metaspace       used 74694K, capacity 76892K, committed 77144K, reserved 1116160K
  class space    used 9839K, capacity 10326K, committed 10368K, reserved 1048576K
}

