# JRE version: OpenJDK Runtime Environment (8.0_202-b03) (build 1.8.0_202-release-1483-b03)
# Java VM: OpenJDK 64-Bit Server VM (25.202-b03 mixed mode windows-amd64 compressed oops)
Heap:
 PSYoungGen      total 290304K, used 232737K [0x00000000e0000000, 0x00000000f3480000, 0x0000000100000000)
  eden space 266752K, 81% used [0x00000000e0000000,0x00000000ed396228,0x00000000f0480000)
  from space 23552K, 68% used [0x00000000f1b80000,0x00000000f2b32228,0x00000000f3280000)
  to   space 23552K, 0% used [0x00000000f0480000,0x00000000f0480000,0x00000000f1b80000)
 ParOldGen       total 191488K, used 35170K [0x00000000a0000000, 0x00000000abb00000, 0x00000000e0000000)
  object space 191488K, 18% used [0x00000000a0000000,0x00000000a2258a40,0x00000000abb00000)
 Metaspace       used 70851K, capacity 72776K, committed 73000K, reserved 1112064K
  class space    used 9219K, capacity 9650K, committed 9768K, reserved 1048576K
GC Heap History (10 events):
Event: 9.726 GC heap before
{Heap before GC invocations=11 (full 3):
 PSYoungGen      total 229376K, used 18431K [0x00000000e0000000, 0x00000000f0380000, 0x0000000100000000)
  eden space 210944K, 0% used [0x00000000e0000000,0x00000000e0000000,0x00000000ece00000)
  from space 18432K, 99% used [0x00000000ee380000,0x00000000ef57fe78,0x00000000ef580000)
  to   space 22016K, 0% used [0x00000000ece00000,0x00000000ece00000,0x00000000ee380000)
 ParOldGen       total 128000K, used 25873K [0x00000000a0000000, 0x00000000a7d00000, 0x00000000e0000000)
  object space 128000K, 20% used [0x00000000a0000000,0x00000000a1944528,0x00000000a7d00000)
 Metaspace       used 57540K, capacity 59026K, committed 59160K, reserved 1099776K
  class space    used 7783K, capacity 8153K, committed 8232K, reserved 1048576K
Event: 10.044 GC heap after
Heap after GC invocations=11 (full 3):
 PSYoungGen      total 229376K, used 0K [0x00000000e0000000, 0x00000000f0380000, 0x0000000100000000)
  eden space 210944K, 0% used [0x00000000e0000000,0x00000000e0000000,0x00000000ece00000)
  from space 18432K, 0% used [0x00000000ee380000,0x00000000ee380000,0x00000000ef580000)
  to   space 22016K, 0% used [0x00000000ece00000,0x00000000ece00000,0x00000000ee380000)
 ParOldGen       total 191488K, used 35138K [0x00000000a0000000, 0x00000000abb00000, 0x00000000e0000000)
  object space 191488K, 18% used [0x00000000a0000000,0x00000000a2250a40,0x00000000abb00000)
 Metaspace       used 57540K, capacity 59026K, committed 59160K, reserved 1099776K
  class space    used 7783K, capacity 8153K, committed 8232K, reserved 1048576K
}
Event: 13.540 GC heap before
{Heap before GC invocations=12 (full 3):
 PSYoungGen      total 229376K, used 210944K [0x00000000e0000000, 0x00000000f0380000, 0x0000000100000000)
  eden space 210944K, 100% used [0x00000000e0000000,0x00000000ece00000,0x00000000ece00000)
  from space 18432K, 0% used [0x00000000ee380000,0x00000000ee380000,0x00000000ef580000)
  to   space 22016K, 0% used [0x00000000ece00000,0x00000000ece00000,0x00000000ee380000)
 ParOldGen       total 191488K, used 35138K [0x00000000a0000000, 0x00000000abb00000, 0x00000000e0000000)
  object space 191488K, 18% used [0x00000000a0000000,0x00000000a2250a40,0x00000000abb00000)
 Metaspace       used 62567K, capacity 64458K, committed 64808K, reserved 1105920K
  class space    used 8401K, capacity 8891K, committed 9000K, reserved 1048576K
Event: 13.562 GC heap after
Heap after GC invocations=12 (full 3):
 PSYoungGen      total 232960K, used 17262K [0x00000000e0000000, 0x00000000f1b00000, 0x0000000100000000)
  eden space 210944K, 0% used [0x00000000e0000000,0x00000000e0000000,0x00000000ece00000)
  from space 22016K, 78% used [0x00000000ece00000,0x00000000ededbb80,0x00000000ee380000)
  to   space 23040K, 0% used [0x00000000f0480000,0x00000000f0480000,0x00000000f1b00000)
 ParOldGen       total 191488K, used 35146K [0x00000000a0000000, 0x00000000abb00000, 0x00000000e0000000)
  object space 191488K, 18% used [0x00000000a0000000,0x00000000a2252a40,0x00000000abb00000)
 Metaspace       used 62567K, capacity 64458K, committed 64808K, reserved 1105920K
  class space    used 8401K, capacity 8891K, committed 9000K, reserved 1048576K
}
Event: 21.854 GC heap before
{Heap before GC invocations=13 (full 3):
 PSYoungGen      total 232960K, used 228206K [0x00000000e0000000, 0x00000000f1b00000, 0x0000000100000000)
  eden space 210944K, 100% used [0x00000000e0000000,0x00000000ece00000,0x00000000ece00000)
  from space 22016K, 78% used [0x00000000ece00000,0x00000000ededbb80,0x00000000ee380000)
  to   space 23040K, 0% used [0x00000000f0480000,0x00000000f0480000,0x00000000f1b00000)
 ParOldGen       total 191488K, used 35146K [0x00000000a0000000, 0x00000000abb00000, 0x00000000e0000000)
  object space 191488K, 18% used [0x00000000a0000000,0x00000000a2252a40,0x00000000abb00000)
 Metaspace       used 63678K, capacity 65620K, committed 65832K, reserved 1105920K
  class space    used 8469K, capacity 8956K, committed 9000K, reserved 1048576K
Event: 21.876 GC heap after
Heap after GC invocations=13 (full 3):
 PSYoungGen      total 256512K, used 15820K [0x00000000e0000000, 0x00000000f1680000, 0x0000000100000000)
  eden space 238080K, 0% used [0x00000000e0000000,0x00000000e0000000,0x00000000ee880000)
  from space 18432K, 85% used [0x00000000f0480000,0x00000000f13f3180,0x00000000f1680000)
  to   space 23552K, 0% used [0x00000000ee880000,0x00000000ee880000,0x00000000eff80000)
 ParOldGen       total 191488K, used 35154K [0x00000000a0000000, 0x00000000abb00000, 0x00000000e0000000)
  object space 191488K, 18% used [0x00000000a0000000,0x00000000a2254a40,0x00000000abb00000)
 Metaspace       used 63678K, capacity 65620K, committed 65832K, reserved 1105920K
  class space    used 8469K, capacity 8956K, committed 9000K, reserved 1048576K
}
Event: 25.274 GC heap before
{Heap before GC invocations=14 (full 3):
 PSYoungGen      total 256512K, used 253900K [0x00000000e0000000, 0x00000000f1680000, 0x0000000100000000)
  eden space 238080K, 100% used [0x00000000e0000000,0x00000000ee880000,0x00000000ee880000)
  from space 18432K, 85% used [0x00000000f0480000,0x00000000f13f3180,0x00000000f1680000)
  to   space 23552K, 0% used [0x00000000ee880000,0x00000000ee880000,0x00000000eff80000)
 ParOldGen       total 191488K, used 35154K [0x00000000a0000000, 0x00000000abb00000, 0x00000000e0000000)
  object space 191488K, 18% used [0x00000000a0000000,0x00000000a2254a40,0x00000000abb00000)
 Metaspace       used 64634K, capacity 66596K, committed 66728K, reserved 1107968K
  class space    used 8561K, capacity 9038K, committed 9128K, reserved 1048576K
Event: 25.302 GC heap after
Heap after GC invocations=14 (full 3):
 PSYoungGen      total 261632K, used 16224K [0x00000000e0000000, 0x00000000f3280000, 0x0000000100000000)
  eden space 238080K, 0% used [0x00000000e0000000,0x00000000e0000000,0x00000000ee880000)
  from space 23552K, 68% used [0x00000000ee880000,0x00000000ef858330,0x00000000eff80000)
  to   space 23552K, 0% used [0x00000000f1b80000,0x00000000f1b80000,0x00000000f3280000)
 ParOldGen       total 191488K, used 35162K [0x00000000a0000000, 0x00000000abb00000, 0x00000000e0000000)
  object space 191488K, 18% used [0x00000000a0000000,0x00000000a2256a40,0x00000000abb00000)
 Metaspace       used 64634K, capacity 66596K, committed 66728K, reserved 1107968K
  class space    used 8561K, capacity 9038K, committed 9128K, reserved 1048576K
}
Event: 26.409 GC heap before
{Heap before GC invocations=15 (full 3):
 PSYoungGen      total 261632K, used 254304K [0x00000000e0000000, 0x00000000f3280000, 0x0000000100000000)
  eden space 238080K, 100% used [0x00000000e0000000,0x00000000ee880000,0x00000000ee880000)
  from space 23552K, 68% used [0x00000000ee880000,0x00000000ef858330,0x00000000eff80000)
  to   space 23552K, 0% used [0x00000000f1b80000,0x00000000f1b80000,0x00000000f3280000)
 ParOldGen       total 191488K, used 35162K [0x00000000a0000000, 0x00000000abb00000, 0x00000000e0000000)
  object space 191488K, 18% used [0x00000000a0000000,0x00000000a2256a40,0x00000000abb00000)
 Metaspace       used 64637K, capacity 66596K, committed 66728K, reserved 1107968K
  class space    used 8561K, capacity 9038K, committed 9128K, reserved 1048576K
Event: 26.427 GC heap after
Heap after GC invocations=15 (full 3):
 PSYoungGen      total 290304K, used 16072K [0x00000000e0000000, 0x00000000f3480000, 0x0000000100000000)
  eden space 266752K, 0% used [0x00000000e0000000,0x00000000e0000000,0x00000000f0480000)
  from space 23552K, 68% used [0x00000000f1b80000,0x00000000f2b32228,0x00000000f3280000)
  to   space 23552K, 0% used [0x00000000f0480000,0x00000000f0480000,0x00000000f1b80000)
 ParOldGen       total 191488K, used 35170K [0x00000000a0000000, 0x00000000abb00000, 0x00000000e0000000)
  object space 191488K, 18% used [0x00000000a0000000,0x00000000a2258a40,0x00000000abb00000)
 Metaspace       used 64637K, capacity 66596K, committed 66728K, reserved 1107968K
  class space    used 8561K, capacity 9038K, committed 9128K, reserved 1048576K
}

