# JRE version: OpenJDK Runtime Environment (8.0_202-b03) (build 1.8.0_202-release-1483-b03)
# Java VM: OpenJDK 64-Bit Server VM (25.202-b03 mixed mode windows-amd64 compressed oops)
Heap:
 PSYoungGen      total 431616K, used 353139K [0x00000000e0000000, 0x0000000100000000, 0x0000000100000000)
  eden space 387072K, 79% used [0x00000000e0000000,0x00000000f2d5d0a0,0x00000000f7a00000)
  from space 44544K, 99% used [0x00000000fd480000,0x00000000ffffff40,0x0000000100000000)
  to   space 68608K, 0% used [0x00000000f7a00000,0x00000000f7a00000,0x00000000fbd00000)
 ParOldGen       total 189440K, used 120458K [0x00000000a0000000, 0x00000000ab900000, 0x00000000e0000000)
  object space 189440K, 63% used [0x00000000a0000000,0x00000000a75a2910,0x00000000ab900000)
 Metaspace       used 92663K, capacity 96508K, committed 96640K, reserved 1134592K
  class space    used 11576K, capacity 12314K, committed 12416K, reserved 1048576K
GC Heap History (10 events):
Event: 353.026 GC heap before
{Heap before GC invocations=21 (full 3):
 PSYoungGen      total 499712K, used 499696K [0x00000000e0000000, 0x0000000100000000, 0x0000000100000000)
  eden space 475136K, 100% used [0x00000000e0000000,0x00000000fd000000,0x00000000fd000000)
  from space 24576K, 99% used [0x00000000fd000000,0x00000000fe7fc108,0x00000000fe800000)
  to   space 24576K, 0% used [0x00000000fe800000,0x00000000fe800000,0x0000000100000000)
 ParOldGen       total 189440K, used 46504K [0x00000000a0000000, 0x00000000ab900000, 0x00000000e0000000)
  object space 189440K, 24% used [0x00000000a0000000,0x00000000a2d6a1e0,0x00000000ab900000)
 Metaspace       used 76016K, capacity 78674K, committed 78720K, reserved 1118208K
  class space    used 9812K, capacity 10363K, committed 10368K, reserved 1048576K
Event: 353.077 GC heap after
Heap after GC invocations=21 (full 3):
 PSYoungGen      total 467968K, used 24575K [0x00000000e0000000, 0x0000000100000000, 0x0000000100000000)
  eden space 443392K, 0% used [0x00000000e0000000,0x00000000e0000000,0x00000000fb100000)
  from space 24576K, 99% used [0x00000000fe800000,0x00000000fffffd00,0x0000000100000000)
  to   space 40448K, 0% used [0x00000000fb100000,0x00000000fb100000,0x00000000fd880000)
 ParOldGen       total 189440K, used 71783K [0x00000000a0000000, 0x00000000ab900000, 0x00000000e0000000)
  object space 189440K, 37% used [0x00000000a0000000,0x00000000a4619e00,0x00000000ab900000)
 Metaspace       used 76016K, capacity 78674K, committed 78720K, reserved 1118208K
  class space    used 9812K, capacity 10363K, committed 10368K, reserved 1048576K
}
Event: 354.883 GC heap before
{Heap before GC invocations=22 (full 3):
 PSYoungGen      total 467968K, used 467967K [0x00000000e0000000, 0x0000000100000000, 0x0000000100000000)
  eden space 443392K, 100% used [0x00000000e0000000,0x00000000fb100000,0x00000000fb100000)
  from space 24576K, 99% used [0x00000000fe800000,0x00000000fffffd00,0x0000000100000000)
  to   space 40448K, 0% used [0x00000000fb100000,0x00000000fb100000,0x00000000fd880000)
 ParOldGen       total 189440K, used 71783K [0x00000000a0000000, 0x00000000ab900000, 0x00000000e0000000)
  object space 189440K, 37% used [0x00000000a0000000,0x00000000a4619e00,0x00000000ab900000)
 Metaspace       used 77493K, capacity 80164K, committed 80256K, reserved 1118208K
  class space    used 9971K, capacity 10558K, committed 10624K, reserved 1048576K
Event: 354.910 GC heap after
Heap after GC invocations=22 (full 3):
 PSYoungGen      total 483840K, used 14863K [0x00000000e0000000, 0x0000000100000000, 0x0000000100000000)
  eden space 443392K, 0% used [0x00000000e0000000,0x00000000e0000000,0x00000000fb100000)
  from space 40448K, 36% used [0x00000000fb100000,0x00000000fbf83ed0,0x00000000fd880000)
  to   space 38400K, 0% used [0x00000000fda80000,0x00000000fda80000,0x0000000100000000)
 ParOldGen       total 189440K, used 83736K [0x00000000a0000000, 0x00000000ab900000, 0x00000000e0000000)
  object space 189440K, 44% used [0x00000000a0000000,0x00000000a51c62d8,0x00000000ab900000)
 Metaspace       used 77493K, capacity 80164K, committed 80256K, reserved 1118208K
  class space    used 9971K, capacity 10558K, committed 10624K, reserved 1048576K
}
Event: 567.370 GC heap before
{Heap before GC invocations=23 (full 3):
 PSYoungGen      total 483840K, used 458255K [0x00000000e0000000, 0x0000000100000000, 0x0000000100000000)
  eden space 443392K, 100% used [0x00000000e0000000,0x00000000fb100000,0x00000000fb100000)
  from space 40448K, 36% used [0x00000000fb100000,0x00000000fbf83ed0,0x00000000fd880000)
  to   space 38400K, 0% used [0x00000000fda80000,0x00000000fda80000,0x0000000100000000)
 ParOldGen       total 189440K, used 83736K [0x00000000a0000000, 0x00000000ab900000, 0x00000000e0000000)
  object space 189440K, 44% used [0x00000000a0000000,0x00000000a51c62d8,0x00000000ab900000)
 Metaspace       used 90493K, capacity 94242K, committed 94464K, reserved 1132544K
  class space    used 11432K, capacity 12191K, committed 12288K, reserved 1048576K
Event: 567.403 GC heap after
Heap after GC invocations=23 (full 3):
 PSYoungGen      total 473600K, used 38384K [0x00000000e0000000, 0x0000000100000000, 0x0000000100000000)
  eden space 435200K, 0% used [0x00000000e0000000,0x00000000e0000000,0x00000000fa900000)
  from space 38400K, 99% used [0x00000000fda80000,0x00000000ffffc240,0x0000000100000000)
  to   space 44544K, 0% used [0x00000000fa900000,0x00000000fa900000,0x00000000fd480000)
 ParOldGen       total 189440K, used 84913K [0x00000000a0000000, 0x00000000ab900000, 0x00000000e0000000)
  object space 189440K, 44% used [0x00000000a0000000,0x00000000a52ec598,0x00000000ab900000)
 Metaspace       used 90493K, capacity 94242K, committed 94464K, reserved 1132544K
  class space    used 11432K, capacity 12191K, committed 12288K, reserved 1048576K
}
Event: 569.649 GC heap before
{Heap before GC invocations=24 (full 3):
 PSYoungGen      total 473600K, used 473584K [0x00000000e0000000, 0x0000000100000000, 0x0000000100000000)
  eden space 435200K, 100% used [0x00000000e0000000,0x00000000fa900000,0x00000000fa900000)
  from space 38400K, 99% used [0x00000000fda80000,0x00000000ffffc240,0x0000000100000000)
  to   space 44544K, 0% used [0x00000000fa900000,0x00000000fa900000,0x00000000fd480000)
 ParOldGen       total 189440K, used 84913K [0x00000000a0000000, 0x00000000ab900000, 0x00000000e0000000)
  object space 189440K, 44% used [0x00000000a0000000,0x00000000a52ec598,0x00000000ab900000)
 Metaspace       used 91412K, capacity 95168K, committed 95232K, reserved 1132544K
  class space    used 11475K, capacity 12236K, committed 12288K, reserved 1048576K
Event: 569.722 GC heap after
Heap after GC invocations=24 (full 3):
 PSYoungGen      total 479744K, used 44528K [0x00000000e0000000, 0x0000000100000000, 0x0000000100000000)
  eden space 435200K, 0% used [0x00000000e0000000,0x00000000e0000000,0x00000000fa900000)
  from space 44544K, 99% used [0x00000000fa900000,0x00000000fd47c340,0x00000000fd480000)
  to   space 44544K, 0% used [0x00000000fd480000,0x00000000fd480000,0x0000000100000000)
 ParOldGen       total 189440K, used 101646K [0x00000000a0000000, 0x00000000ab900000, 0x00000000e0000000)
  object space 189440K, 53% used [0x00000000a0000000,0x00000000a6343ac8,0x00000000ab900000)
 Metaspace       used 91412K, capacity 95168K, committed 95232K, reserved 1132544K
  class space    used 11475K, capacity 12236K, committed 12288K, reserved 1048576K
}
Event: 572.283 GC heap before
{Heap before GC invocations=25 (full 3):
 PSYoungGen      total 479744K, used 479728K [0x00000000e0000000, 0x0000000100000000, 0x0000000100000000)
  eden space 435200K, 100% used [0x00000000e0000000,0x00000000fa900000,0x00000000fa900000)
  from space 44544K, 99% used [0x00000000fa900000,0x00000000fd47c340,0x00000000fd480000)
  to   space 44544K, 0% used [0x00000000fd480000,0x00000000fd480000,0x0000000100000000)
 ParOldGen       total 189440K, used 101646K [0x00000000a0000000, 0x00000000ab900000, 0x00000000e0000000)
  object space 189440K, 53% used [0x00000000a0000000,0x00000000a6343ac8,0x00000000ab900000)
 Metaspace       used 92342K, capacity 96182K, committed 96384K, reserved 1132544K
  class space    used 11555K, capacity 12313K, committed 12416K, reserved 1048576K
Event: 572.371 GC heap after
Heap after GC invocations=25 (full 3):
 PSYoungGen      total 431616K, used 44543K [0x00000000e0000000, 0x0000000100000000, 0x0000000100000000)
  eden space 387072K, 0% used [0x00000000e0000000,0x00000000e0000000,0x00000000f7a00000)
  from space 44544K, 99% used [0x00000000fd480000,0x00000000ffffff40,0x0000000100000000)
  to   space 68608K, 0% used [0x00000000f7a00000,0x00000000f7a00000,0x00000000fbd00000)
 ParOldGen       total 189440K, used 120458K [0x00000000a0000000, 0x00000000ab900000, 0x00000000e0000000)
  object space 189440K, 63% used [0x00000000a0000000,0x00000000a75a2910,0x00000000ab900000)
 Metaspace       used 92342K, capacity 96182K, committed 96384K, reserved 1132544K
  class space    used 11555K, capacity 12313K, committed 12416K, reserved 1048576K
}

